<?xml version="1.0" encoding="UTF-8"?>
<!-- Generated by org.testng.reporters.JUnitXMLReporter -->
<testsuite hostname="Thamil" ignored="0" name="Test" tests="4" failures="3" timestamp="10 Feb 2021 07:41:58 GMT" time="272.189" errors="0">
  <testcase name="verifyAdminLogin" time="90.962" classname="mypageTest.AdminDailyAttendPageTest">
    <failure type="java.lang.NullPointerException">
      <![CDATA[java.lang.NullPointerException
at mypages.AdminDailyAttendancePage.mobileNumberField(AdminDailyAttendancePage.java:158)
at mypageTest.AdminDailyAttendPageTest.verifyAdminLogin(AdminDailyAttendPageTest.java:24)
... Removed 25 stack frames]]>
    </failure>
  </testcase> <!-- verifyAdminLogin -->
  <testcase name="verifyAdminDailyViewFlow" time="101.087" classname="mypageTest.AdminDailyAttendPageTest"/>
  <testcase name="verifyAdminMonthlyViewFlow" time="44.472" classname="mypageTest.AdminDailyAttendPageTest">
    <failure type="java.lang.NullPointerException">
      <![CDATA[java.lang.NullPointerException
at mypages.AdminDailyAttendancePage.adminMonthlyView(AdminDailyAttendancePage.java:266)
at mypageTest.AdminDailyAttendPageTest.verifyAdminMonthlyViewFlow(AdminDailyAttendPageTest.java:40)
... Removed 25 stack frames]]>
    </failure>
  </testcase> <!-- verifyAdminMonthlyViewFlow -->
  <testcase name="verifyAdminMonthlyViewFlow" time="44.549" classname="mypageTest.AdminDailyAttendPageTest">
    <failure type="org.openqa.selenium.NoSuchWindowException" message="no such window: target window already closed
from unknown error: web view not found
  (Session info: chrome=88.0.4324.146)
Build info: version: &amp;apos;3.141.59&amp;apos;, revision: &amp;apos;e82be7d358&amp;apos;, time: &amp;apos;2018-11-14T08:17:03&amp;apos;
System info: host: &amp;apos;THAMIL&amp;apos;, ip: &amp;apos;192.168.43.167&amp;apos;, os.name: &amp;apos;Windows 10&amp;apos;, os.arch: &amp;apos;amd64&amp;apos;, os.version: &amp;apos;10.0&amp;apos;, java.version: &amp;apos;1.8.0_271&amp;apos;
Driver info: org.openqa.selenium.chrome.ChromeDriver
Capabilities {acceptInsecureCerts: false, browserName: chrome, browserVersion: 88.0.4324.146, chrome: {chromedriverVersion: 87.0.4280.88 (89e2380a3e36c..., userDataDir: C:\Users\HP\AppData\Local\T...}, goog:chromeOptions: {debuggerAddress: localhost:60125}, javascriptEnabled: true, networkConnectionEnabled: false, pageLoadStrategy: normal, platform: WINDOWS, platformName: WINDOWS, proxy: Proxy(), setWindowRect: true, strictFileInteractability: false, timeouts: {implicit: 0, pageLoad: 300000, script: 30000}, unhandledPromptBehavior: dismiss and notify, webauthn:virtualAuthenticators: true}
Session ID: 5c1dafd83dbf0f44eaacaaa061a65933">
      <![CDATA[org.openqa.selenium.NoSuchWindowException: no such window: target window already closed
from unknown error: web view not found
  (Session info: chrome=88.0.4324.146)
Build info: version: '3.141.59', revision: 'e82be7d358', time: '2018-11-14T08:17:03'
System info: host: 'THAMIL', ip: '192.168.43.167', os.name: 'Windows 10', os.arch: 'amd64', os.version: '10.0', java.version: '1.8.0_271'
Driver info: org.openqa.selenium.chrome.ChromeDriver
Capabilities {acceptInsecureCerts: false, browserName: chrome, browserVersion: 88.0.4324.146, chrome: {chromedriverVersion: 87.0.4280.88 (89e2380a3e36c..., userDataDir: C:\Users\HP\AppData\Local\T...}, goog:chromeOptions: {debuggerAddress: localhost:60125}, javascriptEnabled: true, networkConnectionEnabled: false, pageLoadStrategy: normal, platform: WINDOWS, platformName: WINDOWS, proxy: Proxy(), setWindowRect: true, strictFileInteractability: false, timeouts: {implicit: 0, pageLoad: 300000, script: 30000}, unhandledPromptBehavior: dismiss and notify, webauthn:virtualAuthenticators: true}
Session ID: 5c1dafd83dbf0f44eaacaaa061a65933
at org.openqa.selenium.remote.http.W3CHttpResponseCodec.createException(W3CHttpResponseCodec.java:187)
at org.openqa.selenium.remote.http.W3CHttpResponseCodec.decode(W3CHttpResponseCodec.java:122)
at org.openqa.selenium.remote.http.W3CHttpResponseCodec.decode(W3CHttpResponseCodec.java:49)
at org.openqa.selenium.remote.HttpCommandExecutor.execute(HttpCommandExecutor.java:158)
at org.openqa.selenium.remote.service.DriverCommandExecutor.execute(DriverCommandExecutor.java:83)
at org.openqa.selenium.remote.RemoteWebDriver.execute(RemoteWebDriver.java:552)
at org.openqa.selenium.remote.RemoteWebDriver.execute(RemoteWebDriver.java:609)
at org.openqa.selenium.remote.RemoteWebDriver.getScreenshotAs(RemoteWebDriver.java:295)
at listeners.MyListeners.onTestFailure(MyListeners.java:48)
... Removed 25 stack frames]]>
    </failure>
  </testcase> <!-- verifyAdminMonthlyViewFlow -->
</testsuite> <!-- Test -->
